Start testing: Apr 06 18:23 ?D1迆㊣那℅?那㊣??
----------------------------------------------------------
Unable to find executable: C:/Users/DWC/Desktop/net-lab-2022-master/eth_out.exe
2/6 Testing: eth_out
2/6 Test: eth_out
Command: "" "C:/Users/DWC/Desktop/net-lab-2022-master/testing/data/eth_out"
Directory: C:/Users/DWC/Desktop/net-lab-2022-master
"eth_out" start time: 
Output:
----------------------------------------------------------
<end of output>
Test time =   0.00 sec
----------------------------------------------------------
Test Passed.
"eth_out" end time: Apr 06 18:23 ?D1迆㊣那℅?那㊣??
"eth_out" time elapsed: 00:00:00
----------------------------------------------------------

End testing: Apr 06 18:23 ?D1迆㊣那℅?那㊣??
